Assignment 6/app/build/intermediates/manifest_merge_blame_file/dummyDebug/manifest-merger-blame-dummy-debug-report.txt
1<?xml version="1.0" encoding="utf-8"?>
2<manifest xmlns:android="http://schemas.android.com/apk/res/android"
3    package="com.android.finalproject"
4    android:versionCode="1"
5    android:versionName="1.0.dev" >
6
7    <uses-sdk
8        android:minSdkVersion="25"
8-->src\main\AndroidManifest.xml
9        android:targetSdkVersion="33" />
9-->src\main\AndroidManifest.xml
10
11    <uses-permission android:name="android.permission.INTERNET" />
11-->src\main\AndroidManifest.xml:5:5-67
11-->src\main\AndroidManifest.xml:5:22-64
12    <uses-permission android:name="android.permission.ACCESS_NETWORK_STATE" />
12-->src\main\AndroidManifest.xml:6:5-79
12-->src\main\AndroidManifest.xml:6:22-76
13    <uses-permission android:name="android.permission.ACCESS_FINE_LOCATION" />
13-->src\main\AndroidManifest.xml:7:5-79
13-->src\main\AndroidManifest.xml:7:22-76
14    <uses-permission android:name="android.permission.ACCESS_COARSE_LOCATION" />
14-->src\main\AndroidManifest.xml:8:5-81
14-->src\main\AndroidManifest.xml:8:22-78
15    <uses-permission android:name="android.permission.ACCESS_BACKGROUND_LOCATION" />
15-->src\main\AndroidManifest.xml:9:5-85
15-->src\main\AndroidManifest.xml:9:22-82
16
17    <!-- Permission will be merged into the manifest of the hosting app. -->
18    <!-- Is required to launch foreground extraction service for targetSdkVersion 28+. -->
19    <uses-permission android:name="android.permission.FOREGROUND_SERVICE" />
19-->[com.google.android.play:core:1.10.2] AndroidManifest.xml:13:5-77
19-->[com.google.android.play:core:1.10.2] AndroidManifest.xml:13:22-74
20
21    <application
21-->src\main\AndroidManifest.xml:11:5-27:19
22        android:name="com.android.assignment6.App"
22-->src\main\AndroidManifest.xml:12:9-51
23        android:allowBackup="true"
23-->src\main\AndroidManifest.xml:13:9-35
24        android:appComponentFactory="androidx.core.app.CoreComponentFactory"
24-->[androidx.core:core:1.7.0] AndroidManifest.xml:24:18-86
25        android:debuggable="true"
26        android:extractNativeLibs="false"
27        android:icon="@mipmap/ic_launcher"
27-->src\main\AndroidManifest.xml:14:9-43
28        android:label="@string/app_name"
28-->src\main\AndroidManifest.xml:15:9-41
29        android:roundIcon="@mipmap/ic_launcher_round"
29-->src\main\AndroidManifest.xml:16:9-54
30        android:supportsRtl="true"
30-->src\main\AndroidManifest.xml:17:9-35
31        android:testOnly="true"
32        android:theme="@style/Theme.BaseAndroidApp" >
32-->src\main\AndroidManifest.xml:18:9-52
33        <activity
33-->src\main\AndroidManifest.xml:19:9-26:20
34            android:name="com.android.assignment6.HomeActivity"
34-->src\main\AndroidManifest.xml:19:19-70
35            android:exported="true" >
35-->src\main\AndroidManifest.xml:20:13-36
36            <intent-filter>
36-->src\main\AndroidManifest.xml:21:13-25:29
37                <action android:name="android.intent.action.MAIN" />
37-->src\main\AndroidManifest.xml:22:17-69
37-->src\main\AndroidManifest.xml:22:25-66
38
39                <category android:name="android.intent.category.LAUNCHER" />
39-->src\main\AndroidManifest.xml:24:17-77
39-->src\main\AndroidManifest.xml:24:27-74
40            </intent-filter>
41        </activity>
42
43        <provider
43-->[com.squareup.picasso:picasso:2.71828] AndroidManifest.xml:8:9-11:40
44            android:name="com.squareup.picasso.PicassoProvider"
44-->[com.squareup.picasso:picasso:2.71828] AndroidManifest.xml:9:13-64
45            android:authorities="com.android.finalproject.com.squareup.picasso"
45-->[com.squareup.picasso:picasso:2.71828] AndroidManifest.xml:10:13-72
46            android:exported="false" />
46-->[com.squareup.picasso:picasso:2.71828] AndroidManifest.xml:11:13-37
47
48        <meta-data
48-->[com.firebaseui:firebase-ui-auth:7.2.0] AndroidManifest.xml:16:9-18:69
49            android:name="com.google.android.gms.version"
49-->[com.firebaseui:firebase-ui-auth:7.2.0] AndroidManifest.xml:17:13-58
50            android:value="@integer/google_play_services_version" />
50-->[com.firebaseui:firebase-ui-auth:7.2.0] AndroidManifest.xml:18:13-66
51        <meta-data
51-->[com.firebaseui:firebase-ui-auth:7.2.0] AndroidManifest.xml:19:9-21:63
52            android:name="com.facebook.sdk.ApplicationId"
52-->[com.firebaseui:firebase-ui-auth:7.2.0] AndroidManifest.xml:20:13-58
53            android:value="@string/facebook_application_id" />
53-->[com.firebaseui:firebase-ui-auth:7.2.0] AndroidManifest.xml:21:13-60
54
55        <activity
55-->[com.firebaseui:firebase-ui-auth:7.2.0] AndroidManifest.xml:23:9-27:61
56            android:name="com.firebase.ui.auth.KickoffActivity"
56-->[com.firebaseui:firebase-ui-auth:7.2.0] AndroidManifest.xml:24:13-64
57            android:exported="false"
57-->[com.firebaseui:firebase-ui-auth:7.2.0] AndroidManifest.xml:25:13-37
58            android:label=""
58-->[com.firebaseui:firebase-ui-auth:7.2.0] AndroidManifest.xml:26:13-29
59            android:theme="@style/FirebaseUI.Transparent" />
59-->[com.firebaseui:firebase-ui-auth:7.2.0] AndroidManifest.xml:27:13-58
60        <activity
60-->[com.firebaseui:firebase-ui-auth:7.2.0] AndroidManifest.xml:28:9-32:61
61            android:name="com.firebase.ui.auth.ui.idp.SingleSignInActivity"
61-->[com.firebaseui:firebase-ui-auth:7.2.0] AndroidManifest.xml:29:13-76
62            android:exported="false"
62-->[com.firebaseui:firebase-ui-auth:7.2.0] AndroidManifest.xml:30:13-37
63            android:label=""
63-->[com.firebaseui:firebase-ui-auth:7.2.0] AndroidManifest.xml:31:13-29
64            android:theme="@style/FirebaseUI.Transparent" />
64-->[com.firebaseui:firebase-ui-auth:7.2.0] AndroidManifest.xml:32:13-58
65        <activity
65-->[com.firebaseui:firebase-ui-auth:7.2.0] AndroidManifest.xml:33:9-37:61
66            android:name="com.firebase.ui.auth.ui.credentials.CredentialSaveActivity"
66-->[com.firebaseui:firebase-ui-auth:7.2.0] AndroidManifest.xml:34:13-86
67            android:exported="false"
67-->[com.firebaseui:firebase-ui-auth:7.2.0] AndroidManifest.xml:35:13-37
68            android:label=""
68-->[com.firebaseui:firebase-ui-auth:7.2.0] AndroidManifest.xml:36:13-29
69            android:theme="@style/FirebaseUI.Transparent" />
69-->[com.firebaseui:firebase-ui-auth:7.2.0] AndroidManifest.xml:37:13-58
70        <activity
70-->[com.firebaseui:firebase-ui-auth:7.2.0] AndroidManifest.xml:38:9-42:58
71            android:name="com.firebase.ui.auth.ui.email.RecoverPasswordActivity"
71-->[com.firebaseui:firebase-ui-auth:7.2.0] AndroidManifest.xml:39:13-81
72            android:exported="false"
72-->[com.firebaseui:firebase-ui-auth:7.2.0] AndroidManifest.xml:40:13-37
73            android:label="@string/fui_title_recover_password_activity"
73-->[com.firebaseui:firebase-ui-auth:7.2.0] AndroidManifest.xml:41:13-72
74            android:windowSoftInputMode="adjustResize" />
74-->[com.firebaseui:firebase-ui-auth:7.2.0] AndroidManifest.xml:42:13-55
75        <activity
75-->[com.firebaseui:firebase-ui-auth:7.2.0] AndroidManifest.xml:43:9-47:58
76            android:name="com.firebase.ui.auth.ui.email.EmailActivity"
76-->[com.firebaseui:firebase-ui-auth:7.2.0] AndroidManifest.xml:44:13-71
77            android:exported="false"
77-->[com.firebaseui:firebase-ui-auth:7.2.0] AndroidManifest.xml:45:13-37
78            android:label="@string/fui_sign_in_default"
78-->[com.firebaseui:firebase-ui-auth:7.2.0] AndroidManifest.xml:46:13-56
79            android:windowSoftInputMode="adjustResize" />
79-->[com.firebaseui:firebase-ui-auth:7.2.0] AndroidManifest.xml:47:13-55
80        <activity
80-->[com.firebaseui:firebase-ui-auth:7.2.0] AndroidManifest.xml:48:9-52:77
81            android:name="com.firebase.ui.auth.ui.phone.PhoneActivity"
81-->[com.firebaseui:firebase-ui-auth:7.2.0] AndroidManifest.xml:49:13-71
82            android:exported="false"
82-->[com.firebaseui:firebase-ui-auth:7.2.0] AndroidManifest.xml:50:13-37
83            android:label="@string/fui_sign_in_with_phone_number"
83-->[com.firebaseui:firebase-ui-auth:7.2.0] AndroidManifest.xml:51:13-66
84            android:windowSoftInputMode="adjustResize|stateAlwaysVisible" />
84-->[com.firebaseui:firebase-ui-auth:7.2.0] AndroidManifest.xml:52:13-74
85        <activity
85-->[com.firebaseui:firebase-ui-auth:7.2.0] AndroidManifest.xml:53:9-57:58
86            android:name="com.firebase.ui.auth.ui.idp.WelcomeBackIdpPrompt"
86-->[com.firebaseui:firebase-ui-auth:7.2.0] AndroidManifest.xml:54:13-76
87            android:exported="false"
87-->[com.firebaseui:firebase-ui-auth:7.2.0] AndroidManifest.xml:55:13-37
88            android:label="@string/fui_title_welcome_back_idp_prompt"
88-->[com.firebaseui:firebase-ui-auth:7.2.0] AndroidManifest.xml:56:13-70
89            android:windowSoftInputMode="adjustResize" />
89-->[com.firebaseui:firebase-ui-auth:7.2.0] AndroidManifest.xml:57:13-55
90        <activity
90-->[com.firebaseui:firebase-ui-auth:7.2.0] AndroidManifest.xml:58:9-62:58
91            android:name="com.firebase.ui.auth.ui.email.WelcomeBackPasswordPrompt"
91-->[com.firebaseui:firebase-ui-auth:7.2.0] AndroidManifest.xml:59:13-83
92            android:exported="false"
92-->[com.firebaseui:firebase-ui-auth:7.2.0] AndroidManifest.xml:60:13-37
93            android:label="@string/fui_title_welcome_back_password_prompt"
93-->[com.firebaseui:firebase-ui-auth:7.2.0] AndroidManifest.xml:61:13-75
94            android:windowSoftInputMode="adjustResize" />
94-->[com.firebaseui:firebase-ui-auth:7.2.0] AndroidManifest.xml:62:13-55
95        <activity
95-->[com.firebaseui:firebase-ui-auth:7.2.0] AndroidManifest.xml:63:9-67:58
96            android:name="com.firebase.ui.auth.ui.email.WelcomeBackEmailLinkPrompt"
96-->[com.firebaseui:firebase-ui-auth:7.2.0] AndroidManifest.xml:64:13-84
97            android:exported="false"
97-->[com.firebaseui:firebase-ui-auth:7.2.0] AndroidManifest.xml:65:13-37
98            android:label="@string/fui_title_welcome_back_password_prompt"
98-->[com.firebaseui:firebase-ui-auth:7.2.0] AndroidManifest.xml:66:13-75
99            android:windowSoftInputMode="adjustResize" />
99-->[com.firebaseui:firebase-ui-auth:7.2.0] AndroidManifest.xml:67:13-55
100        <activity
100-->[com.firebaseui:firebase-ui-auth:7.2.0] AndroidManifest.xml:68:9-73:58
101            android:name="com.firebase.ui.auth.ui.email.EmailLinkCatcherActivity"
101-->[com.firebaseui:firebase-ui-auth:7.2.0] AndroidManifest.xml:69:13-82
102            android:exported="false"
102-->[com.firebaseui:firebase-ui-auth:7.2.0] AndroidManifest.xml:70:13-37
103            android:label=""
103-->[com.firebaseui:firebase-ui-auth:7.2.0] AndroidManifest.xml:71:13-29
104            android:theme="@style/FirebaseUI.Transparent"
104-->[com.firebaseui:firebase-ui-auth:7.2.0] AndroidManifest.xml:72:13-58
105            android:windowSoftInputMode="adjustResize" />
105-->[com.firebaseui:firebase-ui-auth:7.2.0] AndroidManifest.xml:73:13-55
106        <activity
106-->[com.firebaseui:firebase-ui-auth:7.2.0] AndroidManifest.xml:74:9-78:58
107            android:name="com.firebase.ui.auth.ui.email.EmailLinkErrorRecoveryActivity"
107-->[com.firebaseui:firebase-ui-auth:7.2.0] AndroidManifest.xml:75:13-88
108            android:exported="false"
108-->[com.firebaseui:firebase-ui-auth:7.2.0] AndroidManifest.xml:76:13-37
109            android:label="@string/fui_sign_in_default"
109-->[com.firebaseui:firebase-ui-auth:7.2.0] AndroidManifest.xml:77:13-56
110            android:windowSoftInputMode="adjustResize" />
110-->[com.firebaseui:firebase-ui-auth:7.2.0] AndroidManifest.xml:78:13-55
111        <activity
111-->[com.firebaseui:firebase-ui-auth:7.2.0] AndroidManifest.xml:79:9-82:65
112            android:name="com.firebase.ui.auth.ui.idp.AuthMethodPickerActivity"
112-->[com.firebaseui:firebase-ui-auth:7.2.0] AndroidManifest.xml:80:13-80
113            android:exported="false"
113-->[com.firebaseui:firebase-ui-auth:7.2.0] AndroidManifest.xml:81:13-37
114            android:label="@string/fui_default_toolbar_title" />
114-->[com.firebaseui:firebase-ui-auth:7.2.0] AndroidManifest.xml:82:13-62
115        <activity
115-->[com.firebaseui:firebase-ui-auth:7.2.0] AndroidManifest.xml:83:9-87:48
116            android:name="com.facebook.FacebookActivity"
116-->[com.firebaseui:firebase-ui-auth:7.2.0] AndroidManifest.xml:84:13-57
117            android:configChanges="keyboard|keyboardHidden|screenLayout|screenSize|orientation"
117-->[com.firebaseui:firebase-ui-auth:7.2.0] AndroidManifest.xml:85:13-96
118            android:label="@string/app_name" />
118-->[com.firebaseui:firebase-ui-auth:7.2.0] AndroidManifest.xml:86:13-45
119        <activity
119-->[com.firebaseui:firebase-ui-auth:7.2.0] AndroidManifest.xml:88:9-100:20
120            android:name="com.facebook.CustomTabActivity"
120-->[com.firebaseui:firebase-ui-auth:7.2.0] AndroidManifest.xml:89:13-58
121            android:exported="true" >
121-->[com.firebaseui:firebase-ui-auth:7.2.0] AndroidManifest.xml:90:13-36
122            <intent-filter>
122-->[com.firebaseui:firebase-ui-auth:7.2.0] AndroidManifest.xml:92:13-99:29
123                <action android:name="android.intent.action.VIEW" />
123-->[com.firebaseui:firebase-ui-auth:7.2.0] AndroidManifest.xml:93:17-69
123-->[com.firebaseui:firebase-ui-auth:7.2.0] AndroidManifest.xml:93:25-66
124
125                <category android:name="android.intent.category.DEFAULT" />
125-->[com.firebaseui:firebase-ui-auth:7.2.0] AndroidManifest.xml:95:17-76
125-->[com.firebaseui:firebase-ui-auth:7.2.0] AndroidManifest.xml:95:27-73
126                <category android:name="android.intent.category.BROWSABLE" />
126-->[com.firebaseui:firebase-ui-auth:7.2.0] AndroidManifest.xml:96:17-78
126-->[com.firebaseui:firebase-ui-auth:7.2.0] AndroidManifest.xml:96:27-75
127
128                <data android:scheme="@string/facebook_login_protocol_scheme" />
128-->[com.firebaseui:firebase-ui-auth:7.2.0] AndroidManifest.xml:98:17-81
128-->[com.firebaseui:firebase-ui-auth:7.2.0] AndroidManifest.xml:98:23-78
129            </intent-filter>
130        </activity>
131
132        <provider
132-->[com.firebaseui:firebase-ui-auth:7.2.0] AndroidManifest.xml:102:9-106:38
133            android:name="com.firebase.ui.auth.data.client.AuthUiInitProvider"
133-->[com.firebaseui:firebase-ui-auth:7.2.0] AndroidManifest.xml:103:13-79
134            android:authorities="com.android.finalproject.authuiinitprovider"
134-->[com.firebaseui:firebase-ui-auth:7.2.0] AndroidManifest.xml:104:13-70
135            android:exported="false"
135-->[com.firebaseui:firebase-ui-auth:7.2.0] AndroidManifest.xml:105:13-37
136            android:initOrder="90" />
136-->[com.firebaseui:firebase-ui-auth:7.2.0] AndroidManifest.xml:106:13-35
137
138        <service
138-->[com.google.firebase:firebase-auth-ktx:21.0.6] AndroidManifest.xml:8:9-14:19
139            android:name="com.google.firebase.components.ComponentDiscoveryService"
139-->[com.google.firebase:firebase-auth-ktx:21.0.6] AndroidManifest.xml:9:13-84
140            android:directBootAware="true"
140-->[com.google.firebase:firebase-common:20.1.0] AndroidManifest.xml:35:13-43
141            android:exported="false" >
141-->[com.google.firebase:firebase-auth-ktx:21.0.6] AndroidManifest.xml:10:13-37
142            <meta-data
142-->[com.google.firebase:firebase-auth-ktx:21.0.6] AndroidManifest.xml:11:13-13:85
143                android:name="com.google.firebase.components:com.google.firebase.auth.ktx.FirebaseAuthKtxRegistrar"
143-->[com.google.firebase:firebase-auth-ktx:21.0.6] AndroidManifest.xml:12:17-116
144                android:value="com.google.firebase.components.ComponentRegistrar" />
144-->[com.google.firebase:firebase-auth-ktx:21.0.6] AndroidManifest.xml:13:17-82
145            <meta-data
145-->[com.google.firebase:firebase-auth:21.0.6] AndroidManifest.xml:67:13-69:85
146                android:name="com.google.firebase.components:com.google.firebase.auth.FirebaseAuthRegistrar"
146-->[com.google.firebase:firebase-auth:21.0.6] AndroidManifest.xml:68:17-109
147                android:value="com.google.firebase.components.ComponentRegistrar" />
147-->[com.google.firebase:firebase-auth:21.0.6] AndroidManifest.xml:69:17-82
148            <meta-data
148-->[com.google.firebase:firebase-common-ktx:20.0.0] AndroidManifest.xml:15:13-17:85
149                android:name="com.google.firebase.components:com.google.firebase.ktx.FirebaseCommonKtxRegistrar"
149-->[com.google.firebase:firebase-common-ktx:20.0.0] AndroidManifest.xml:16:17-113
150                android:value="com.google.firebase.components.ComponentRegistrar" />
150-->[com.google.firebase:firebase-common-ktx:20.0.0] AndroidManifest.xml:17:17-82
151        </service>
152
153        <activity
153-->[com.google.firebase:firebase-auth:21.0.6] AndroidManifest.xml:27:9-44:20
154            android:name="com.google.firebase.auth.internal.GenericIdpActivity"
154-->[com.google.firebase:firebase-auth:21.0.6] AndroidManifest.xml:28:13-80
155            android:excludeFromRecents="true"
155-->[com.google.firebase:firebase-auth:21.0.6] AndroidManifest.xml:29:13-46
156            android:exported="true"
156-->[com.google.firebase:firebase-auth:21.0.6] AndroidManifest.xml:30:13-36
157            android:launchMode="singleTask"
157-->[com.google.firebase:firebase-auth:21.0.6] AndroidManifest.xml:31:13-44
158            android:theme="@android:style/Theme.Translucent.NoTitleBar" >
158-->[com.google.firebase:firebase-auth:21.0.6] AndroidManifest.xml:32:13-72
159            <intent-filter>
159-->[com.google.firebase:firebase-auth:21.0.6] AndroidManifest.xml:33:13-43:29
160                <action android:name="android.intent.action.VIEW" />
160-->[com.firebaseui:firebase-ui-auth:7.2.0] AndroidManifest.xml:93:17-69
160-->[com.firebaseui:firebase-ui-auth:7.2.0] AndroidManifest.xml:93:25-66
161
162                <category android:name="android.intent.category.DEFAULT" />
162-->[com.firebaseui:firebase-ui-auth:7.2.0] AndroidManifest.xml:95:17-76
162-->[com.firebaseui:firebase-ui-auth:7.2.0] AndroidManifest.xml:95:27-73
163                <category android:name="android.intent.category.BROWSABLE" />
163-->[com.firebaseui:firebase-ui-auth:7.2.0] AndroidManifest.xml:96:17-78
163-->[com.firebaseui:firebase-ui-auth:7.2.0] AndroidManifest.xml:96:27-75
164
165                <data
165-->[com.firebaseui:firebase-ui-auth:7.2.0] AndroidManifest.xml:98:17-81
166                    android:host="firebase.auth"
167                    android:path="/"
168                    android:scheme="genericidp" />
168-->[com.firebaseui:firebase-ui-auth:7.2.0] AndroidManifest.xml:98:23-78
169            </intent-filter>
170        </activity>
171        <activity
171-->[com.google.firebase:firebase-auth:21.0.6] AndroidManifest.xml:45:9-62:20
172            android:name="com.google.firebase.auth.internal.RecaptchaActivity"
172-->[com.google.firebase:firebase-auth:21.0.6] AndroidManifest.xml:46:13-79
173            android:excludeFromRecents="true"
173-->[com.google.firebase:firebase-auth:21.0.6] AndroidManifest.xml:47:13-46
174            android:exported="true"
174-->[com.google.firebase:firebase-auth:21.0.6] AndroidManifest.xml:48:13-36
175            android:launchMode="singleTask"
175-->[com.google.firebase:firebase-auth:21.0.6] AndroidManifest.xml:49:13-44
176            android:theme="@android:style/Theme.Translucent.NoTitleBar" >
176-->[com.google.firebase:firebase-auth:21.0.6] AndroidManifest.xml:50:13-72
177            <intent-filter>
177-->[com.google.firebase:firebase-auth:21.0.6] AndroidManifest.xml:51:13-61:29
178                <action android:name="android.intent.action.VIEW" />
178-->[com.firebaseui:firebase-ui-auth:7.2.0] AndroidManifest.xml:93:17-69
178-->[com.firebaseui:firebase-ui-auth:7.2.0] AndroidManifest.xml:93:25-66
179
180                <category android:name="android.intent.category.DEFAULT" />
180-->[com.firebaseui:firebase-ui-auth:7.2.0] AndroidManifest.xml:95:17-76
180-->[com.firebaseui:firebase-ui-auth:7.2.0] AndroidManifest.xml:95:27-73
181                <category android:name="android.intent.category.BROWSABLE" />
181-->[com.firebaseui:firebase-ui-auth:7.2.0] AndroidManifest.xml:96:17-78
181-->[com.firebaseui:firebase-ui-auth:7.2.0] AndroidManifest.xml:96:27-75
182
183                <data
183-->[com.firebaseui:firebase-ui-auth:7.2.0] AndroidManifest.xml:98:17-81
184                    android:host="firebase.auth"
185                    android:path="/"
186                    android:scheme="recaptcha" />
186-->[com.firebaseui:firebase-ui-auth:7.2.0] AndroidManifest.xml:98:23-78
187            </intent-filter>
188        </activity>
189        <activity
189-->[com.google.android.gms:play-services-auth:19.0.0] AndroidManifest.xml:23:9-27:75
190            android:name="com.google.android.gms.auth.api.signin.internal.SignInHubActivity"
190-->[com.google.android.gms:play-services-auth:19.0.0] AndroidManifest.xml:24:13-93
191            android:excludeFromRecents="true"
191-->[com.google.android.gms:play-services-auth:19.0.0] AndroidManifest.xml:25:13-46
192            android:exported="false"
192-->[com.google.android.gms:play-services-auth:19.0.0] AndroidManifest.xml:26:13-37
193            android:theme="@android:style/Theme.Translucent.NoTitleBar" />
193-->[com.google.android.gms:play-services-auth:19.0.0] AndroidManifest.xml:27:13-72
194        <!--
195            Service handling Google Sign-In user revocation. For apps that do not integrate with
196            Google Sign-In, this service will never be started.
197        -->
198        <service
198-->[com.google.android.gms:play-services-auth:19.0.0] AndroidManifest.xml:33:9-37:51
199            android:name="com.google.android.gms.auth.api.signin.RevocationBoundService"
199-->[com.google.android.gms:play-services-auth:19.0.0] AndroidManifest.xml:34:13-89
200            android:exported="true"
200-->[com.google.android.gms:play-services-auth:19.0.0] AndroidManifest.xml:35:13-36
201            android:permission="com.google.android.gms.auth.api.signin.permission.REVOCATION_NOTIFICATION"
201-->[com.google.android.gms:play-services-auth:19.0.0] AndroidManifest.xml:36:13-107
202            android:visibleToInstantApps="true" />
202-->[com.google.android.gms:play-services-auth:19.0.0] AndroidManifest.xml:37:13-48
203
204        <activity
204-->[com.google.android.gms:play-services-base:17.5.0] AndroidManifest.xml:23:9-26:75
205            android:name="com.google.android.gms.common.api.GoogleApiActivity"
205-->[com.google.android.gms:play-services-base:17.5.0] AndroidManifest.xml:24:13-79
206            android:exported="false"
206-->[com.google.android.gms:play-services-base:17.5.0] AndroidManifest.xml:25:13-37
207            android:theme="@android:style/Theme.Translucent.NoTitleBar" />
207-->[com.google.android.gms:play-services-base:17.5.0] AndroidManifest.xml:26:13-72
208
209        <provider
209-->[com.google.firebase:firebase-common:20.1.0] AndroidManifest.xml:26:9-31:39
210            android:name="com.google.firebase.provider.FirebaseInitProvider"
210-->[com.google.firebase:firebase-common:20.1.0] AndroidManifest.xml:27:13-77
211            android:authorities="com.android.finalproject.firebaseinitprovider"
211-->[com.google.firebase:firebase-common:20.1.0] AndroidManifest.xml:28:13-72
212            android:directBootAware="true"
212-->[com.google.firebase:firebase-common:20.1.0] AndroidManifest.xml:29:13-43
213            android:exported="false"
213-->[com.google.firebase:firebase-common:20.1.0] AndroidManifest.xml:30:13-37
214            android:initOrder="100" />
214-->[com.google.firebase:firebase-common:20.1.0] AndroidManifest.xml:31:13-36
215        <provider
215-->[androidx.emoji2:emoji2:1.0.0] AndroidManifest.xml:26:9-34:20
216            android:name="androidx.startup.InitializationProvider"
216-->[androidx.emoji2:emoji2:1.0.0] AndroidManifest.xml:27:13-67
217            android:authorities="com.android.finalproject.androidx-startup"
217-->[androidx.emoji2:emoji2:1.0.0] AndroidManifest.xml:28:13-68
218            android:exported="false" >
218-->[androidx.emoji2:emoji2:1.0.0] AndroidManifest.xml:29:13-37
219            <meta-data
219-->[androidx.emoji2:emoji2:1.0.0] AndroidManifest.xml:31:13-33:52
220                android:name="androidx.emoji2.text.EmojiCompatInitializer"
220-->[androidx.emoji2:emoji2:1.0.0] AndroidManifest.xml:32:17-75
221                android:value="androidx.startup" />
221-->[androidx.emoji2:emoji2:1.0.0] AndroidManifest.xml:33:17-49
222            <meta-data
222-->[androidx.lifecycle:lifecycle-process:2.4.0] AndroidManifest.xml:31:13-33:52
223                android:name="androidx.lifecycle.ProcessLifecycleInitializer"
223-->[androidx.lifecycle:lifecycle-process:2.4.0] AndroidManifest.xml:32:17-78
224                android:value="androidx.startup" />
224-->[androidx.lifecycle:lifecycle-process:2.4.0] AndroidManifest.xml:33:17-49
225        </provider>
226
227        <uses-library
227-->[androidx.window:window:1.0.0] AndroidManifest.xml:25:9-27:40
228            android:name="androidx.window.extensions"
228-->[androidx.window:window:1.0.0] AndroidManifest.xml:26:13-54
229            android:required="false" />
229-->[androidx.window:window:1.0.0] AndroidManifest.xml:27:13-37
230        <uses-library
230-->[androidx.window:window:1.0.0] AndroidManifest.xml:28:9-30:40
231            android:name="androidx.window.sidecar"
231-->[androidx.window:window:1.0.0] AndroidManifest.xml:29:13-51
232            android:required="false" />
232-->[androidx.window:window:1.0.0] AndroidManifest.xml:30:13-37
233
234        <service
234-->[androidx.room:room-runtime:2.5.1] AndroidManifest.xml:24:9-28:63
235            android:name="androidx.room.MultiInstanceInvalidationService"
235-->[androidx.room:room-runtime:2.5.1] AndroidManifest.xml:25:13-74
236            android:directBootAware="true"
236-->[androidx.room:room-runtime:2.5.1] AndroidManifest.xml:26:13-43
237            android:exported="false" /> <!-- The activities will be merged into the manifest of the hosting app. -->
237-->[androidx.room:room-runtime:2.5.1] AndroidManifest.xml:27:13-37
238        <activity
238-->[com.google.android.play:core:1.10.2] AndroidManifest.xml:18:9-24:45
239            android:name="com.google.android.play.core.missingsplits.PlayCoreMissingSplitsActivity"
239-->[com.google.android.play:core:1.10.2] AndroidManifest.xml:19:13-100
240            android:enabled="false"
240-->[com.google.android.play:core:1.10.2] AndroidManifest.xml:20:13-36
241            android:exported="false"
241-->[com.google.android.play:core:1.10.2] AndroidManifest.xml:21:13-37
242            android:launchMode="singleInstance"
242-->[com.google.android.play:core:1.10.2] AndroidManifest.xml:22:13-48
243            android:process=":playcore_missing_splits_activity"
243-->[com.google.android.play:core:1.10.2] AndroidManifest.xml:23:13-64
244            android:stateNotNeeded="true" />
244-->[com.google.android.play:core:1.10.2] AndroidManifest.xml:24:13-42
245        <activity
245-->[com.google.android.play:core:1.10.2] AndroidManifest.xml:25:9-29:65
246            android:name="com.google.android.play.core.common.PlayCoreDialogWrapperActivity"
246-->[com.google.android.play:core:1.10.2] AndroidManifest.xml:26:13-93
247            android:exported="false"
247-->[com.google.android.play:core:1.10.2] AndroidManifest.xml:27:13-37
248            android:stateNotNeeded="true"
248-->[com.google.android.play:core:1.10.2] AndroidManifest.xml:28:13-42
249            android:theme="@style/Theme.PlayCore.Transparent" /> <!-- The services will be merged into the manifest of the hosting app. -->
249-->[com.google.android.play:core:1.10.2] AndroidManifest.xml:29:13-62
250        <service
250-->[com.google.android.play:core:1.10.2] AndroidManifest.xml:32:9-39:19
251            android:name="com.google.android.play.core.assetpacks.AssetPackExtractionService"
251-->[com.google.android.play:core:1.10.2] AndroidManifest.xml:33:13-94
252            android:enabled="false"
252-->[com.google.android.play:core:1.10.2] AndroidManifest.xml:34:13-36
253            android:exported="true" >
253-->[com.google.android.play:core:1.10.2] AndroidManifest.xml:35:13-36
254            <meta-data
254-->[com.google.android.play:core:1.10.2] AndroidManifest.xml:36:13-38:41
255                android:name="com.google.android.play.core.assetpacks.versionCode"
255-->[com.google.android.play:core:1.10.2] AndroidManifest.xml:37:17-83
256                android:value="11002" />
256-->[com.google.android.play:core:1.10.2] AndroidManifest.xml:38:17-38
257        </service>
258        <service
258-->[com.google.android.play:core:1.10.2] AndroidManifest.xml:40:9-43:40
259            android:name="com.google.android.play.core.assetpacks.ExtractionForegroundService"
259-->[com.google.android.play:core:1.10.2] AndroidManifest.xml:41:13-95
260            android:enabled="false"
260-->[com.google.android.play:core:1.10.2] AndroidManifest.xml:42:13-36
261            android:exported="false" />
261-->[com.google.android.play:core:1.10.2] AndroidManifest.xml:43:13-37
262    </application>
263
264</manifest>